This file contains any messages produced by compilers while
running configure, to aid debugging if configure makes a mistake.

It was created by configure, which was
generated by GNU Autoconf 2.68.  Invocation command line was

  $ ./configure --enable-debug

## --------- ##
## Platform. ##
## --------- ##

hostname = localhost
uname -m = x86_64
uname -r = 3.8.13-gentoo
uname -s = Linux
uname -v = #2 SMP Fri Jul 26 01:32:22 ICT 2013

/usr/bin/uname -p = Intel(R) Core(TM) i5-3550 CPU @ 3.30GHz
/bin/uname -X     = unknown

/bin/arch              = unknown
/usr/bin/arch -k       = unknown
/usr/convex/getsysinfo = unknown
/usr/bin/hostinfo      = unknown
/bin/machine           = unknown
/usr/bin/oslevel       = unknown
/bin/universe          = unknown

PATH: /usr/local/bin
PATH: /usr/bin
PATH: /bin
PATH: /opt/bin
PATH: /usr/x86_64-pc-linux-gnu/gcc-bin/4.7.3
PATH: /usr/games/bin


## ----------- ##
## Core tests. ##
## ----------- ##

configure:2498: checking for gcc
configure:2514: found /usr/bin/gcc
configure:2525: result: gcc
configure:2754: checking for C compiler version
configure:2763: gcc --version >&5
gcc (Gentoo 4.7.3 p1.0, pie-0.5.5) 4.7.3
Copyright (C) 2012 Free Software Foundation, Inc.
This is free software; see the source for copying conditions.  There is NO
warranty; not even for MERCHANTABILITY or FITNESS FOR A PARTICULAR PURPOSE.

configure:2774: $? = 0
configure:2763: gcc -v >&5
Using built-in specs.
COLLECT_GCC=/usr/x86_64-pc-linux-gnu/gcc-bin/4.7.3/gcc
COLLECT_LTO_WRAPPER=/usr/libexec/gcc/x86_64-pc-linux-gnu/4.7.3/lto-wrapper
Target: x86_64-pc-linux-gnu
Configured with: /var/tmp/portage/sys-devel/gcc-4.7.3/work/gcc-4.7.3/configure --prefix=/usr --bindir=/usr/x86_64-pc-linux-gnu/gcc-bin/4.7.3 --includedir=/usr/lib/gcc/x86_64-pc-linux-gnu/4.7.3/include --datadir=/usr/share/gcc-data/x86_64-pc-linux-gnu/4.7.3 --mandir=/usr/share/gcc-data/x86_64-pc-linux-gnu/4.7.3/man --infodir=/usr/share/gcc-data/x86_64-pc-linux-gnu/4.7.3/info --with-gxx-include-dir=/usr/lib/gcc/x86_64-pc-linux-gnu/4.7.3/include/g++-v4 --host=x86_64-pc-linux-gnu --build=x86_64-pc-linux-gnu --disable-altivec --disable-fixed-point --without-cloog --without-ppl --disable-lto --enable-nls --without-included-gettext --with-system-zlib --enable-obsolete --disable-werror --enable-secureplt --enable-multilib --with-multilib-list=m32,m64 --enable-libmudflap --disable-libssp --enable-libgomp --with-python-dir=/share/gcc-data/x86_64-pc-linux-gnu/4.7.3/python --enable-checking=release --disable-libgcj --enable-libstdcxx-time --enable-languages=c,c++,fortran --enable-shared --enable-threads=posix --enable-__cxa_atexit --enable-clocale=gnu --enable-targets=all --with-bugurl=http://bugs.gentoo.org/ --with-pkgversion='Gentoo 4.7.3 p1.0, pie-0.5.5'
Thread model: posix
gcc version 4.7.3 (Gentoo 4.7.3 p1.0, pie-0.5.5) 
configure:2774: $? = 0
configure:2763: gcc -V >&5
gcc: error: unrecognized command line option '-V'
gcc: fatal error: no input files
compilation terminated.
configure:2774: $? = 1
configure:2763: gcc -qversion >&5
gcc: error: unrecognized command line option '-qversion'
gcc: fatal error: no input files
compilation terminated.
configure:2774: $? = 1
configure:2794: checking whether the C compiler works
configure:2816: gcc    conftest.c  >&5
configure:2820: $? = 0
configure:2868: result: yes
configure:2871: checking for C compiler default output file name
configure:2873: result: a.out
configure:2879: checking for suffix of executables
configure:2886: gcc -o conftest    conftest.c  >&5
configure:2890: $? = 0
configure:2912: result: 
configure:2934: checking whether we are cross compiling
configure:2942: gcc -o conftest    conftest.c  >&5
configure:2946: $? = 0
configure:2953: ./conftest
configure:2957: $? = 0
configure:2972: result: no
configure:2977: checking for suffix of object files
configure:2999: gcc -c   conftest.c >&5
configure:3003: $? = 0
configure:3024: result: o
configure:3028: checking whether we are using the GNU C compiler
configure:3047: gcc -c   conftest.c >&5
configure:3047: $? = 0
configure:3056: result: yes
configure:3065: checking whether gcc accepts -g
configure:3085: gcc -c -g  conftest.c >&5
configure:3085: $? = 0
configure:3126: result: yes
configure:3143: checking for gcc option to accept ISO C89
configure:3207: gcc  -c -g -O2  conftest.c >&5
configure:3207: $? = 0
configure:3220: result: none needed
configure:3246: checking how to run the C preprocessor
configure:3277: gcc -E  conftest.c
configure:3277: $? = 0
configure:3291: gcc -E  conftest.c
conftest.c:9:28: fatal error: ac_nonexistent.h: No such file or directory
compilation terminated.
configure:3291: $? = 1
configure: failed program was:
| /* confdefs.h */
| #define PACKAGE_NAME ""
| #define PACKAGE_TARNAME ""
| #define PACKAGE_VERSION ""
| #define PACKAGE_STRING ""
| #define PACKAGE_BUGREPORT ""
| #define PACKAGE_URL ""
| /* end confdefs.h.  */
| #include <ac_nonexistent.h>
configure:3316: result: gcc -E
configure:3336: gcc -E  conftest.c
configure:3336: $? = 0
configure:3350: gcc -E  conftest.c
conftest.c:9:28: fatal error: ac_nonexistent.h: No such file or directory
compilation terminated.
configure:3350: $? = 1
configure: failed program was:
| /* confdefs.h */
| #define PACKAGE_NAME ""
| #define PACKAGE_TARNAME ""
| #define PACKAGE_VERSION ""
| #define PACKAGE_STRING ""
| #define PACKAGE_BUGREPORT ""
| #define PACKAGE_URL ""
| /* end confdefs.h.  */
| #include <ac_nonexistent.h>
configure:3379: checking for grep that handles long lines and -e
configure:3437: result: /bin/grep
configure:3442: checking for egrep
configure:3504: result: /bin/grep -E
configure:3509: checking for ANSI C header files
configure:3529: gcc -c -g -O2  conftest.c >&5
configure:3529: $? = 0
configure:3602: gcc -o conftest -g -O2   conftest.c  >&5
configure:3602: $? = 0
configure:3602: ./conftest
configure:3602: $? = 0
configure:3613: result: yes
configure:3626: checking for sys/types.h
configure:3626: gcc -c -g -O2  conftest.c >&5
configure:3626: $? = 0
configure:3626: result: yes
configure:3626: checking for sys/stat.h
configure:3626: gcc -c -g -O2  conftest.c >&5
configure:3626: $? = 0
configure:3626: result: yes
configure:3626: checking for stdlib.h
configure:3626: gcc -c -g -O2  conftest.c >&5
configure:3626: $? = 0
configure:3626: result: yes
configure:3626: checking for string.h
configure:3626: gcc -c -g -O2  conftest.c >&5
configure:3626: $? = 0
configure:3626: result: yes
configure:3626: checking for memory.h
configure:3626: gcc -c -g -O2  conftest.c >&5
configure:3626: $? = 0
configure:3626: result: yes
configure:3626: checking for strings.h
configure:3626: gcc -c -g -O2  conftest.c >&5
configure:3626: $? = 0
configure:3626: result: yes
configure:3626: checking for inttypes.h
configure:3626: gcc -c -g -O2  conftest.c >&5
configure:3626: $? = 0
configure:3626: result: yes
configure:3626: checking for stdint.h
configure:3626: gcc -c -g -O2  conftest.c >&5
configure:3626: $? = 0
configure:3626: result: yes
configure:3626: checking for unistd.h
configure:3626: gcc -c -g -O2  conftest.c >&5
configure:3626: $? = 0
configure:3626: result: yes
configure:3639: checking minix/config.h usability
configure:3639: gcc -c -g -O2  conftest.c >&5
conftest.c:52:26: fatal error: minix/config.h: No such file or directory
compilation terminated.
configure:3639: $? = 1
configure: failed program was:
| /* confdefs.h */
| #define PACKAGE_NAME ""
| #define PACKAGE_TARNAME ""
| #define PACKAGE_VERSION ""
| #define PACKAGE_STRING ""
| #define PACKAGE_BUGREPORT ""
| #define PACKAGE_URL ""
| #define STDC_HEADERS 1
| #define HAVE_SYS_TYPES_H 1
| #define HAVE_SYS_STAT_H 1
| #define HAVE_STDLIB_H 1
| #define HAVE_STRING_H 1
| #define HAVE_MEMORY_H 1
| #define HAVE_STRINGS_H 1
| #define HAVE_INTTYPES_H 1
| #define HAVE_STDINT_H 1
| #define HAVE_UNISTD_H 1
| /* end confdefs.h.  */
| #include <stdio.h>
| #ifdef HAVE_SYS_TYPES_H
| # include <sys/types.h>
| #endif
| #ifdef HAVE_SYS_STAT_H
| # include <sys/stat.h>
| #endif
| #ifdef STDC_HEADERS
| # include <stdlib.h>
| # include <stddef.h>
| #else
| # ifdef HAVE_STDLIB_H
| #  include <stdlib.h>
| # endif
| #endif
| #ifdef HAVE_STRING_H
| # if !defined STDC_HEADERS && defined HAVE_MEMORY_H
| #  include <memory.h>
| # endif
| # include <string.h>
| #endif
| #ifdef HAVE_STRINGS_H
| # include <strings.h>
| #endif
| #ifdef HAVE_INTTYPES_H
| # include <inttypes.h>
| #endif
| #ifdef HAVE_STDINT_H
| # include <stdint.h>
| #endif
| #ifdef HAVE_UNISTD_H
| # include <unistd.h>
| #endif
| #include <minix/config.h>
configure:3639: result: no
configure:3639: checking minix/config.h presence
configure:3639: gcc -E  conftest.c
conftest.c:19:26: fatal error: minix/config.h: No such file or directory
compilation terminated.
configure:3639: $? = 1
configure: failed program was:
| /* confdefs.h */
| #define PACKAGE_NAME ""
| #define PACKAGE_TARNAME ""
| #define PACKAGE_VERSION ""
| #define PACKAGE_STRING ""
| #define PACKAGE_BUGREPORT ""
| #define PACKAGE_URL ""
| #define STDC_HEADERS 1
| #define HAVE_SYS_TYPES_H 1
| #define HAVE_SYS_STAT_H 1
| #define HAVE_STDLIB_H 1
| #define HAVE_STRING_H 1
| #define HAVE_MEMORY_H 1
| #define HAVE_STRINGS_H 1
| #define HAVE_INTTYPES_H 1
| #define HAVE_STDINT_H 1
| #define HAVE_UNISTD_H 1
| /* end confdefs.h.  */
| #include <minix/config.h>
configure:3639: result: no
configure:3639: checking for minix/config.h
configure:3639: result: no
configure:3660: checking whether it is safe to define __EXTENSIONS__
configure:3678: gcc -c -g -O2  conftest.c >&5
configure:3678: $? = 0
configure:3685: result: yes
configure:3811: checking build system type
configure:3825: result: x86_64-unknown-linux-gnu
configure:3845: checking host system type
configure:3858: result: x86_64-unknown-linux-gnu
configure:3878: checking target system type
configure:3891: result: x86_64-unknown-linux-gnu
configure:3967: checking for gcc
configure:3994: result: gcc
configure:4223: checking for C compiler version
configure:4232: gcc --version >&5
gcc (Gentoo 4.7.3 p1.0, pie-0.5.5) 4.7.3
Copyright (C) 2012 Free Software Foundation, Inc.
This is free software; see the source for copying conditions.  There is NO
warranty; not even for MERCHANTABILITY or FITNESS FOR A PARTICULAR PURPOSE.

configure:4243: $? = 0
configure:4232: gcc -v >&5
Using built-in specs.
COLLECT_GCC=/usr/x86_64-pc-linux-gnu/gcc-bin/4.7.3/gcc
COLLECT_LTO_WRAPPER=/usr/libexec/gcc/x86_64-pc-linux-gnu/4.7.3/lto-wrapper
Target: x86_64-pc-linux-gnu
Configured with: /var/tmp/portage/sys-devel/gcc-4.7.3/work/gcc-4.7.3/configure --prefix=/usr --bindir=/usr/x86_64-pc-linux-gnu/gcc-bin/4.7.3 --includedir=/usr/lib/gcc/x86_64-pc-linux-gnu/4.7.3/include --datadir=/usr/share/gcc-data/x86_64-pc-linux-gnu/4.7.3 --mandir=/usr/share/gcc-data/x86_64-pc-linux-gnu/4.7.3/man --infodir=/usr/share/gcc-data/x86_64-pc-linux-gnu/4.7.3/info --with-gxx-include-dir=/usr/lib/gcc/x86_64-pc-linux-gnu/4.7.3/include/g++-v4 --host=x86_64-pc-linux-gnu --build=x86_64-pc-linux-gnu --disable-altivec --disable-fixed-point --without-cloog --without-ppl --disable-lto --enable-nls --without-included-gettext --with-system-zlib --enable-obsolete --disable-werror --enable-secureplt --enable-multilib --with-multilib-list=m32,m64 --enable-libmudflap --disable-libssp --enable-libgomp --with-python-dir=/share/gcc-data/x86_64-pc-linux-gnu/4.7.3/python --enable-checking=release --disable-libgcj --enable-libstdcxx-time --enable-languages=c,c++,fortran --enable-shared --enable-threads=posix --enable-__cxa_atexit --enable-clocale=gnu --enable-targets=all --with-bugurl=http://bugs.gentoo.org/ --with-pkgversion='Gentoo 4.7.3 p1.0, pie-0.5.5'
Thread model: posix
gcc version 4.7.3 (Gentoo 4.7.3 p1.0, pie-0.5.5) 
configure:4243: $? = 0
configure:4232: gcc -V >&5
gcc: error: unrecognized command line option '-V'
gcc: fatal error: no input files
compilation terminated.
configure:4243: $? = 1
configure:4232: gcc -qversion >&5
gcc: error: unrecognized command line option '-qversion'
gcc: fatal error: no input files
compilation terminated.
configure:4243: $? = 1
configure:4247: checking whether we are using the GNU C compiler
configure:4275: result: yes
configure:4284: checking whether gcc accepts -g
configure:4345: result: yes
configure:4362: checking for gcc option to accept ISO C89
configure:4439: result: none needed
configure:4517: checking for g++
configure:4533: found /usr/bin/g++
configure:4544: result: g++
configure:4571: checking for C++ compiler version
configure:4580: g++ --version >&5
g++ (Gentoo 4.7.3 p1.0, pie-0.5.5) 4.7.3
Copyright (C) 2012 Free Software Foundation, Inc.
This is free software; see the source for copying conditions.  There is NO
warranty; not even for MERCHANTABILITY or FITNESS FOR A PARTICULAR PURPOSE.

configure:4591: $? = 0
configure:4580: g++ -v >&5
Using built-in specs.
COLLECT_GCC=/usr/x86_64-pc-linux-gnu/gcc-bin/4.7.3/g++
COLLECT_LTO_WRAPPER=/usr/libexec/gcc/x86_64-pc-linux-gnu/4.7.3/lto-wrapper
Target: x86_64-pc-linux-gnu
Configured with: /var/tmp/portage/sys-devel/gcc-4.7.3/work/gcc-4.7.3/configure --prefix=/usr --bindir=/usr/x86_64-pc-linux-gnu/gcc-bin/4.7.3 --includedir=/usr/lib/gcc/x86_64-pc-linux-gnu/4.7.3/include --datadir=/usr/share/gcc-data/x86_64-pc-linux-gnu/4.7.3 --mandir=/usr/share/gcc-data/x86_64-pc-linux-gnu/4.7.3/man --infodir=/usr/share/gcc-data/x86_64-pc-linux-gnu/4.7.3/info --with-gxx-include-dir=/usr/lib/gcc/x86_64-pc-linux-gnu/4.7.3/include/g++-v4 --host=x86_64-pc-linux-gnu --build=x86_64-pc-linux-gnu --disable-altivec --disable-fixed-point --without-cloog --without-ppl --disable-lto --enable-nls --without-included-gettext --with-system-zlib --enable-obsolete --disable-werror --enable-secureplt --enable-multilib --with-multilib-list=m32,m64 --enable-libmudflap --disable-libssp --enable-libgomp --with-python-dir=/share/gcc-data/x86_64-pc-linux-gnu/4.7.3/python --enable-checking=release --disable-libgcj --enable-libstdcxx-time --enable-languages=c,c++,fortran --enable-shared --enable-threads=posix --enable-__cxa_atexit --enable-clocale=gnu --enable-targets=all --with-bugurl=http://bugs.gentoo.org/ --with-pkgversion='Gentoo 4.7.3 p1.0, pie-0.5.5'
Thread model: posix
gcc version 4.7.3 (Gentoo 4.7.3 p1.0, pie-0.5.5) 
configure:4591: $? = 0
configure:4580: g++ -V >&5
g++: error: unrecognized command line option '-V'
g++: fatal error: no input files
compilation terminated.
configure:4591: $? = 1
configure:4580: g++ -qversion >&5
g++: error: unrecognized command line option '-qversion'
g++: fatal error: no input files
compilation terminated.
configure:4591: $? = 1
configure:4595: checking whether we are using the GNU C++ compiler
configure:4614: g++ -c   conftest.cpp >&5
configure:4614: $? = 0
configure:4623: result: yes
configure:4632: checking whether g++ accepts -g
configure:4652: g++ -c -g  conftest.cpp >&5
configure:4652: $? = 0
configure:4693: result: yes
configure:4716: checking for ANSI C header files
configure:4820: result: yes
configure:4830: checking for string.h
configure:4830: result: yes
configure:4850: checking for main in -lXbsd
configure:4869: gcc -o conftest -g -O2   conftest.c -lXbsd   >&5
/usr/lib/gcc/x86_64-pc-linux-gnu/4.7.3/../../../../x86_64-pc-linux-gnu/bin/ld: cannot find -lXbsd
collect2: error: ld returned 1 exit status
configure:4869: $? = 1
configure: failed program was:
| /* confdefs.h */
| #define PACKAGE_NAME ""
| #define PACKAGE_TARNAME ""
| #define PACKAGE_VERSION ""
| #define PACKAGE_STRING ""
| #define PACKAGE_BUGREPORT ""
| #define PACKAGE_URL ""
| #define STDC_HEADERS 1
| #define HAVE_SYS_TYPES_H 1
| #define HAVE_SYS_STAT_H 1
| #define HAVE_STDLIB_H 1
| #define HAVE_STRING_H 1
| #define HAVE_MEMORY_H 1
| #define HAVE_STRINGS_H 1
| #define HAVE_INTTYPES_H 1
| #define HAVE_STDINT_H 1
| #define HAVE_UNISTD_H 1
| #define __EXTENSIONS__ 1
| #define _ALL_SOURCE 1
| #define _GNU_SOURCE 1
| #define _POSIX_PTHREAD_SEMANTICS 1
| #define _TANDEM_SOURCE 1
| #define STDC_HEADERS 1
| #define HAVE_STRING_H 1
| /* end confdefs.h.  */
| 
| 
| int
| main ()
| {
| return main ();
|   ;
|   return 0;
| }
configure:4878: result: no
configure:4884: checking for socket in -lsocket
configure:4909: gcc -o conftest -g -O2   conftest.c -lsocket   >&5
/usr/lib/gcc/x86_64-pc-linux-gnu/4.7.3/../../../../x86_64-pc-linux-gnu/bin/ld: cannot find -lsocket
collect2: error: ld returned 1 exit status
configure:4909: $? = 1
configure: failed program was:
| /* confdefs.h */
| #define PACKAGE_NAME ""
| #define PACKAGE_TARNAME ""
| #define PACKAGE_VERSION ""
| #define PACKAGE_STRING ""
| #define PACKAGE_BUGREPORT ""
| #define PACKAGE_URL ""
| #define STDC_HEADERS 1
| #define HAVE_SYS_TYPES_H 1
| #define HAVE_SYS_STAT_H 1
| #define HAVE_STDLIB_H 1
| #define HAVE_STRING_H 1
| #define HAVE_MEMORY_H 1
| #define HAVE_STRINGS_H 1
| #define HAVE_INTTYPES_H 1
| #define HAVE_STDINT_H 1
| #define HAVE_UNISTD_H 1
| #define __EXTENSIONS__ 1
| #define _ALL_SOURCE 1
| #define _GNU_SOURCE 1
| #define _POSIX_PTHREAD_SEMANTICS 1
| #define _TANDEM_SOURCE 1
| #define STDC_HEADERS 1
| #define HAVE_STRING_H 1
| /* end confdefs.h.  */
| 
| /* Override any GCC internal prototype to avoid an error.
|    Use char because int might match the return type of a GCC
|    builtin and then its argument prototype would still apply.  */
| #ifdef __cplusplus
| extern "C"
| #endif
| char socket ();
| int
| main ()
| {
| return socket ();
|   ;
|   return 0;
| }
configure:4918: result: no
configure:4924: checking for gethostbyname in -lnsl
configure:4949: gcc -o conftest -g -O2   conftest.c -lnsl   >&5
configure:4949: $? = 0
configure:4958: result: yes
configure:4964: checking for dcgettext in -lintl
configure:4989: gcc -o conftest -g -O2   conftest.c -lintl   >&5
conftest.c:33:6: warning: conflicting types for built-in function 'dcgettext' [enabled by default]
/usr/lib/gcc/x86_64-pc-linux-gnu/4.7.3/../../../../x86_64-pc-linux-gnu/bin/ld: cannot find -lintl
collect2: error: ld returned 1 exit status
configure:4989: $? = 1
configure: failed program was:
| /* confdefs.h */
| #define PACKAGE_NAME ""
| #define PACKAGE_TARNAME ""
| #define PACKAGE_VERSION ""
| #define PACKAGE_STRING ""
| #define PACKAGE_BUGREPORT ""
| #define PACKAGE_URL ""
| #define STDC_HEADERS 1
| #define HAVE_SYS_TYPES_H 1
| #define HAVE_SYS_STAT_H 1
| #define HAVE_STDLIB_H 1
| #define HAVE_STRING_H 1
| #define HAVE_MEMORY_H 1
| #define HAVE_STRINGS_H 1
| #define HAVE_INTTYPES_H 1
| #define HAVE_STDINT_H 1
| #define HAVE_UNISTD_H 1
| #define __EXTENSIONS__ 1
| #define _ALL_SOURCE 1
| #define _GNU_SOURCE 1
| #define _POSIX_PTHREAD_SEMANTICS 1
| #define _TANDEM_SOURCE 1
| #define STDC_HEADERS 1
| #define HAVE_STRING_H 1
| /* end confdefs.h.  */
| 
| /* Override any GCC internal prototype to avoid an error.
|    Use char because int might match the return type of a GCC
|    builtin and then its argument prototype would still apply.  */
| #ifdef __cplusplus
| extern "C"
| #endif
| char dcgettext ();
| int
| main ()
| {
| return dcgettext ();
|   ;
|   return 0;
| }
configure:4998: result: no
configure:5004: checking for getnodebyname in -ldnet_stub
configure:5029: gcc -o conftest -g -O2   conftest.c -ldnet_stub   >&5
/usr/lib/gcc/x86_64-pc-linux-gnu/4.7.3/../../../../x86_64-pc-linux-gnu/bin/ld: cannot find -ldnet_stub
collect2: error: ld returned 1 exit status
configure:5029: $? = 1
configure: failed program was:
| /* confdefs.h */
| #define PACKAGE_NAME ""
| #define PACKAGE_TARNAME ""
| #define PACKAGE_VERSION ""
| #define PACKAGE_STRING ""
| #define PACKAGE_BUGREPORT ""
| #define PACKAGE_URL ""
| #define STDC_HEADERS 1
| #define HAVE_SYS_TYPES_H 1
| #define HAVE_SYS_STAT_H 1
| #define HAVE_STDLIB_H 1
| #define HAVE_STRING_H 1
| #define HAVE_MEMORY_H 1
| #define HAVE_STRINGS_H 1
| #define HAVE_INTTYPES_H 1
| #define HAVE_STDINT_H 1
| #define HAVE_UNISTD_H 1
| #define __EXTENSIONS__ 1
| #define _ALL_SOURCE 1
| #define _GNU_SOURCE 1
| #define _POSIX_PTHREAD_SEMANTICS 1
| #define _TANDEM_SOURCE 1
| #define STDC_HEADERS 1
| #define HAVE_STRING_H 1
| /* end confdefs.h.  */
| 
| /* Override any GCC internal prototype to avoid an error.
|    Use char because int might match the return type of a GCC
|    builtin and then its argument prototype would still apply.  */
| #ifdef __cplusplus
| extern "C"
| #endif
| char getnodebyname ();
| int
| main ()
| {
| return getnodebyname ();
|   ;
|   return 0;
| }
configure:5038: result: no
configure:5084: checking that g++ can handle -O2
configure:5105: gcc -c -g -O2  conftest.c >&5
conftest.c: In function 'main':
conftest.c:32:3: error: 'error' undeclared (first use in this function)
conftest.c:32:3: note: each undeclared identifier is reported only once for each function it appears in
conftest.c:36:3: error: expected ';' before 'int'
configure:5105: $? = 1
configure: failed program was:
| /* confdefs.h */
| #define PACKAGE_NAME ""
| #define PACKAGE_TARNAME ""
| #define PACKAGE_VERSION ""
| #define PACKAGE_STRING ""
| #define PACKAGE_BUGREPORT ""
| #define PACKAGE_URL ""
| #define STDC_HEADERS 1
| #define HAVE_SYS_TYPES_H 1
| #define HAVE_SYS_STAT_H 1
| #define HAVE_STDLIB_H 1
| #define HAVE_STRING_H 1
| #define HAVE_MEMORY_H 1
| #define HAVE_STRINGS_H 1
| #define HAVE_INTTYPES_H 1
| #define HAVE_STDINT_H 1
| #define HAVE_UNISTD_H 1
| #define __EXTENSIONS__ 1
| #define _ALL_SOURCE 1
| #define _GNU_SOURCE 1
| #define _POSIX_PTHREAD_SEMANTICS 1
| #define _TANDEM_SOURCE 1
| #define STDC_HEADERS 1
| #define HAVE_STRING_H 1
| /* end confdefs.h.  */
| 
| int
| main ()
| {
| #if __GNUC__ < 2  || __GNUC_MINOR__ < 8
| 		/* gcc */
| 		error
| 		#endif
| 		#if __GNUC_MINOR__ < 92
| 		/* egcs */
| 		int error;
| 		#endif
| 
|   ;
|   return 0;
| }
configure:5111: result: no
configure:5230: checking if C++ libraries work without any namespace
configure:5246: g++ -c -g -O2  conftest.cpp >&5
conftest.cpp: In function 'int main()':
conftest.cpp:31:1: error: 'cout' was not declared in this scope
conftest.cpp:31:1: note: suggested alternative:
In file included from conftest.cpp:26:0:
/usr/lib/gcc/x86_64-pc-linux-gnu/4.7.3/include/g++-v4/iostream:62:18: note:   'std::cout'
configure:5246: $? = 1
configure: failed program was:
| /* confdefs.h */
| #define PACKAGE_NAME ""
| #define PACKAGE_TARNAME ""
| #define PACKAGE_VERSION ""
| #define PACKAGE_STRING ""
| #define PACKAGE_BUGREPORT ""
| #define PACKAGE_URL ""
| #define STDC_HEADERS 1
| #define HAVE_SYS_TYPES_H 1
| #define HAVE_SYS_STAT_H 1
| #define HAVE_STDLIB_H 1
| #define HAVE_STRING_H 1
| #define HAVE_MEMORY_H 1
| #define HAVE_STRINGS_H 1
| #define HAVE_INTTYPES_H 1
| #define HAVE_STDINT_H 1
| #define HAVE_UNISTD_H 1
| #define __EXTENSIONS__ 1
| #define _ALL_SOURCE 1
| #define _GNU_SOURCE 1
| #define _POSIX_PTHREAD_SEMANTICS 1
| #define _TANDEM_SOURCE 1
| #define STDC_HEADERS 1
| #define HAVE_STRING_H 1
| /* end confdefs.h.  */
| #include <iostream>
| 
| int
| main ()
| {
| cout.fail();
| 
|   ;
|   return 0;
| }
configure:5252: result: no
configure:5260: checking if C++ libraries work with namespace std
configure:5276: g++ -c -g -O2  conftest.cpp >&5
configure:5276: $? = 0
configure:5277: result: yes
configure:5291: checking if STL works without any namespace
configure:5306: g++ -c -g -O2  conftest.cpp >&5
conftest.cpp: In function 'int main()':
conftest.cpp:31:1: error: 'list' was not declared in this scope
conftest.cpp:31:1: note: suggested alternative:
In file included from /usr/lib/gcc/x86_64-pc-linux-gnu/4.7.3/include/g++-v4/list:64:0,
                 from conftest.cpp:26:
/usr/lib/gcc/x86_64-pc-linux-gnu/4.7.3/include/g++-v4/bits/stl_list.h:436:11: note:   'std::list'
conftest.cpp:31:6: error: expected primary-expression before 'int'
conftest.cpp:31:6: error: expected ';' before 'int'
configure:5306: $? = 1
configure: failed program was:
| /* confdefs.h */
| #define PACKAGE_NAME ""
| #define PACKAGE_TARNAME ""
| #define PACKAGE_VERSION ""
| #define PACKAGE_STRING ""
| #define PACKAGE_BUGREPORT ""
| #define PACKAGE_URL ""
| #define STDC_HEADERS 1
| #define HAVE_SYS_TYPES_H 1
| #define HAVE_SYS_STAT_H 1
| #define HAVE_STDLIB_H 1
| #define HAVE_STRING_H 1
| #define HAVE_MEMORY_H 1
| #define HAVE_STRINGS_H 1
| #define HAVE_INTTYPES_H 1
| #define HAVE_STDINT_H 1
| #define HAVE_UNISTD_H 1
| #define __EXTENSIONS__ 1
| #define _ALL_SOURCE 1
| #define _GNU_SOURCE 1
| #define _POSIX_PTHREAD_SEMANTICS 1
| #define _TANDEM_SOURCE 1
| #define STDC_HEADERS 1
| #define HAVE_STRING_H 1
| /* end confdefs.h.  */
| #include <list>
| 
| int
| main ()
| {
| list<int> test;
| 
|   ;
|   return 0;
| }
configure:5312: result: no
configure:5320: checking if STL works with namespace std
configure:5336: g++ -c -g -O2  conftest.cpp >&5
configure:5336: $? = 0
configure:5337: result: yes
configure:5387: checking should use STL
configure:5411: result: yes
configure:5657: checking for tcl.h
configure:5708: result: -I/usr/include
configure:5714: checking for tclInt.h
configure:5765: result: -I/usr/include
configure:5771: checking for libtcl8.5
configure:5833: result: -L/usr/lib64 -ltcl8.5
configure:5839: checking for init.tcl
configure:5876: result: /usr/lib64/tcl8.5
configure:5894: checking for http.tcl
configure:5931: result: /usr/lib64/tcl8.5/http1.0
configure:5936: checking Tcl http.tcl library
configure:5940: result: yes
configure:5961: checking for tclsh8.5.13
configure:5994: result: no
configure:5961: checking for tclsh8.5
configure:5979: found /usr/bin/tclsh8.5
configure:5991: result: /usr/bin/tclsh8.5
configure:6222: checking for tk.h
configure:6273: result: -I/usr/include
configure:6279: checking for libtk8.5
configure:6341: result: -L/usr/lib64 -ltk8.5
configure:6347: checking for tk.tcl
configure:6384: result: /usr/lib64/tk8.5
configure:6472: checking for otcl.h
configure:6523: result: -I/usr/include
configure:6529: checking for libotcl1.14
configure:6591: result: -L/usr/lib -lotcl
configure:6704: checking for tclcl.h
configure:6755: result: -I/usr/include
configure:6761: checking for libtclcl
configure:6823: result: -L/usr/lib -ltclcl
configure:6829: checking for tcl2c++
configure:6866: result: /usr/bin
configure:7052: gcc -E  conftest.c
configure:7052: $? = 0
configure:7078: checking for XOpenDisplay in -lX11
configure:7103: gcc -o conftest -g -O2   conftest.c -lX11   >&5
configure:7103: $? = 0
configure:7112: result: yes
configure:7138: checking for XShmAttach in -lXext
configure:7163: gcc -o conftest -g -O2   conftest.c -lXext -lX11  >&5
configure:7163: $? = 0
configure:7172: result: yes
configure:7243: checking for libtcldbg
configure:7286: result: no
configure:7385: checking dmalloc
configure:7387: result: not requested with --with-dmalloc
configure:7651: checking for perl
configure:7688: result: /usr/bin
/usr/bin/perl -e require 5.002
configure:7793: checking for ANSI C header files
configure:7897: result: yes
configure:7909: checking arpa/inet.h usability
configure:7909: gcc -c -g -O2  conftest.c >&5
configure:7909: $? = 0
configure:7909: result: yes
configure:7909: checking arpa/inet.h presence
configure:7909: gcc -E  conftest.c
configure:7909: $? = 0
configure:7909: result: yes
configure:7909: checking for arpa/inet.h
configure:7909: result: yes
configure:7909: checking fenv.h usability
configure:7909: gcc -c -g -O2  conftest.c >&5
configure:7909: $? = 0
configure:7909: result: yes
configure:7909: checking fenv.h presence
configure:7909: gcc -E  conftest.c
configure:7909: $? = 0
configure:7909: result: yes
configure:7909: checking for fenv.h
configure:7909: result: yes
configure:7909: checking netinet/in.h usability
configure:7909: gcc -c -g -O2  conftest.c >&5
configure:7909: $? = 0
configure:7909: result: yes
configure:7909: checking netinet/in.h presence
configure:7909: gcc -E  conftest.c
configure:7909: $? = 0
configure:7909: result: yes
configure:7909: checking for netinet/in.h
configure:7909: result: yes
configure:7909: checking for string.h
configure:7909: result: yes
configure:7909: checking for strings.h
configure:7909: result: yes
configure:7909: checking time.h usability
configure:7909: gcc -c -g -O2  conftest.c >&5
configure:7909: $? = 0
configure:7909: result: yes
configure:7909: checking time.h presence
configure:7909: gcc -E  conftest.c
configure:7909: $? = 0
configure:7909: result: yes
configure:7909: checking for time.h
configure:7909: result: yes
configure:7909: checking for unistd.h
configure:7909: result: yes
configure:7909: checking net/ethernet.h usability
configure:7909: gcc -c -g -O2  conftest.c >&5
configure:7909: $? = 0
configure:7909: result: yes
configure:7909: checking net/ethernet.h presence
configure:7909: gcc -E  conftest.c
configure:7909: $? = 0
configure:7909: result: yes
configure:7909: checking for net/ethernet.h
configure:7909: result: yes
configure:7919: checking for main in -lm
configure:7938: gcc -o conftest -g -O2   conftest.c -lm   >&5
configure:7938: $? = 0
configure:7947: result: yes
configure:7963: checking for bcopy
configure:7963: gcc -o conftest -g -O2   conftest.c -lm  >&5
conftest.c:70:6: warning: conflicting types for built-in function 'bcopy' [enabled by default]
configure:7963: $? = 0
configure:7963: result: yes
configure:7963: checking for bzero
configure:7963: gcc -o conftest -g -O2   conftest.c -lm  >&5
conftest.c:71:6: warning: conflicting types for built-in function 'bzero' [enabled by default]
configure:7963: $? = 0
configure:7963: result: yes
configure:7963: checking for fesetprecision
configure:7963: gcc -o conftest -g -O2   conftest.c -lm  >&5
/tmp/ccOlCgdh.o: In function `main':
/home/pntruongan/workspace/ns2-custom-queue/conftest.c:83: undefined reference to `fesetprecision'
collect2: error: ld returned 1 exit status
configure:7963: $? = 1
configure: failed program was:
| /* confdefs.h */
| #define PACKAGE_NAME ""
| #define PACKAGE_TARNAME ""
| #define PACKAGE_VERSION ""
| #define PACKAGE_STRING ""
| #define PACKAGE_BUGREPORT ""
| #define PACKAGE_URL ""
| #define STDC_HEADERS 1
| #define HAVE_SYS_TYPES_H 1
| #define HAVE_SYS_STAT_H 1
| #define HAVE_STDLIB_H 1
| #define HAVE_STRING_H 1
| #define HAVE_MEMORY_H 1
| #define HAVE_STRINGS_H 1
| #define HAVE_INTTYPES_H 1
| #define HAVE_STDINT_H 1
| #define HAVE_UNISTD_H 1
| #define __EXTENSIONS__ 1
| #define _ALL_SOURCE 1
| #define _GNU_SOURCE 1
| #define _POSIX_PTHREAD_SEMANTICS 1
| #define _TANDEM_SOURCE 1
| #define STDC_HEADERS 1
| #define HAVE_STRING_H 1
| #define HAVE_STL 1
| #define CPP_REQUIRES_NAMESPACE 1
| #define HAVE_TCL_H 1
| #define HAVE_TCLINT_H 1
| #define HAVE_LIBTCL8_5 1
| #define HAVE_TK_H 1
| #define HAVE_LIBTK8_5 1
| #define HAVE_OTCL_H 1
| #define HAVE_LIBOTCL1_14 1
| #define HAVE_TCLCL_H 1
| #define HAVE_LIBTCLCL 1
| #define STDC_HEADERS 1
| #define HAVE_ARPA_INET_H 1
| #define HAVE_FENV_H 1
| #define HAVE_NETINET_IN_H 1
| #define HAVE_STRING_H 1
| #define HAVE_STRINGS_H 1
| #define HAVE_TIME_H 1
| #define HAVE_UNISTD_H 1
| #define HAVE_NET_ETHERNET_H 1
| #define HAVE_LIBM 1
| #define HAVE_BCOPY 1
| #define HAVE_BZERO 1
| /* end confdefs.h.  */
| /* Define fesetprecision to an innocuous variant, in case <limits.h> declares fesetprecision.
|    For example, HP-UX 11i <limits.h> declares gettimeofday.  */
| #define fesetprecision innocuous_fesetprecision
| 
| /* System header to define __stub macros and hopefully few prototypes,
|     which can conflict with char fesetprecision (); below.
|     Prefer <limits.h> to <assert.h> if __STDC__ is defined, since
|     <limits.h> exists even on freestanding compilers.  */
| 
| #ifdef __STDC__
| # include <limits.h>
| #else
| # include <assert.h>
| #endif
| 
| #undef fesetprecision
| 
| /* Override any GCC internal prototype to avoid an error.
|    Use char because int might match the return type of a GCC
|    builtin and then its argument prototype would still apply.  */
| #ifdef __cplusplus
| extern "C"
| #endif
| char fesetprecision ();
| /* The GNU C library defines this for functions which it implements
|     to always fail with ENOSYS.  Some functions are actually named
|     something starting with __ and the normal name is an alias.  */
| #if defined __stub_fesetprecision || defined __stub___fesetprecision
| choke me
| #endif
| 
| int
| main ()
| {
| return fesetprecision ();
|   ;
|   return 0;
| }
configure:7963: result: no
configure:7963: checking for feenableexcept
configure:7963: gcc -o conftest -g -O2   conftest.c -lm  >&5
configure:7963: $? = 0
configure:7963: result: yes
configure:7963: checking for getrusage
configure:7963: gcc -o conftest -g -O2   conftest.c -lm  >&5
configure:7963: $? = 0
configure:7963: result: yes
configure:7963: checking for sbrk
configure:7963: gcc -o conftest -g -O2   conftest.c -lm  >&5
configure:7963: $? = 0
configure:7963: result: yes
configure:7963: checking for snprintf
configure:7963: gcc -o conftest -g -O2   conftest.c -lm  >&5
conftest.c:75:6: warning: conflicting types for built-in function 'snprintf' [enabled by default]
configure:7963: $? = 0
configure:7963: result: yes
configure:7973: checking return type of random
configure:7991: gcc -o conftest -g -O2   conftest.c -lm  >&5
configure:7991: $? = 0
configure:7991: ./conftest
configure:7991: $? = 0
configure:7992: result: long
configure:8009: checking for int8_t
configure:8009: gcc -c -g -O2  conftest.c >&5
configure:8009: $? = 0
configure:8009: gcc -c -g -O2  conftest.c >&5
conftest.c: In function 'main':
conftest.c:90:21: error: expected expression before ')' token
configure:8009: $? = 1
configure: failed program was:
| /* confdefs.h */
| #define PACKAGE_NAME ""
| #define PACKAGE_TARNAME ""
| #define PACKAGE_VERSION ""
| #define PACKAGE_STRING ""
| #define PACKAGE_BUGREPORT ""
| #define PACKAGE_URL ""
| #define STDC_HEADERS 1
| #define HAVE_SYS_TYPES_H 1
| #define HAVE_SYS_STAT_H 1
| #define HAVE_STDLIB_H 1
| #define HAVE_STRING_H 1
| #define HAVE_MEMORY_H 1
| #define HAVE_STRINGS_H 1
| #define HAVE_INTTYPES_H 1
| #define HAVE_STDINT_H 1
| #define HAVE_UNISTD_H 1
| #define __EXTENSIONS__ 1
| #define _ALL_SOURCE 1
| #define _GNU_SOURCE 1
| #define _POSIX_PTHREAD_SEMANTICS 1
| #define _TANDEM_SOURCE 1
| #define STDC_HEADERS 1
| #define HAVE_STRING_H 1
| #define HAVE_STL 1
| #define CPP_REQUIRES_NAMESPACE 1
| #define HAVE_TCL_H 1
| #define HAVE_TCLINT_H 1
| #define HAVE_LIBTCL8_5 1
| #define HAVE_TK_H 1
| #define HAVE_LIBTK8_5 1
| #define HAVE_OTCL_H 1
| #define HAVE_LIBOTCL1_14 1
| #define HAVE_TCLCL_H 1
| #define HAVE_LIBTCLCL 1
| #define STDC_HEADERS 1
| #define HAVE_ARPA_INET_H 1
| #define HAVE_FENV_H 1
| #define HAVE_NETINET_IN_H 1
| #define HAVE_STRING_H 1
| #define HAVE_STRINGS_H 1
| #define HAVE_TIME_H 1
| #define HAVE_UNISTD_H 1
| #define HAVE_NET_ETHERNET_H 1
| #define HAVE_LIBM 1
| #define HAVE_BCOPY 1
| #define HAVE_BZERO 1
| #define HAVE_FEENABLEEXCEPT 1
| #define HAVE_GETRUSAGE 1
| #define HAVE_SBRK 1
| #define HAVE_SNPRINTF 1
| #define RANDOM_RETURN_TYPE long
| /* end confdefs.h.  */
| #include <stdio.h>
| #ifdef HAVE_SYS_TYPES_H
| # include <sys/types.h>
| #endif
| #ifdef HAVE_SYS_STAT_H
| # include <sys/stat.h>
| #endif
| #ifdef STDC_HEADERS
| # include <stdlib.h>
| # include <stddef.h>
| #else
| # ifdef HAVE_STDLIB_H
| #  include <stdlib.h>
| # endif
| #endif
| #ifdef HAVE_STRING_H
| # if !defined STDC_HEADERS && defined HAVE_MEMORY_H
| #  include <memory.h>
| # endif
| # include <string.h>
| #endif
| #ifdef HAVE_STRINGS_H
| # include <strings.h>
| #endif
| #ifdef HAVE_INTTYPES_H
| # include <inttypes.h>
| #endif
| #ifdef HAVE_STDINT_H
| # include <stdint.h>
| #endif
| #ifdef HAVE_UNISTD_H
| # include <unistd.h>
| #endif
| int
| main ()
| {
| if (sizeof ((int8_t)))
| 	    return 0;
|   ;
|   return 0;
| }
configure:8009: result: yes
configure:8020: checking for int16_t
configure:8020: gcc -c -g -O2  conftest.c >&5
configure:8020: $? = 0
configure:8020: gcc -c -g -O2  conftest.c >&5
conftest.c: In function 'main':
conftest.c:90:22: error: expected expression before ')' token
configure:8020: $? = 1
configure: failed program was:
| /* confdefs.h */
| #define PACKAGE_NAME ""
| #define PACKAGE_TARNAME ""
| #define PACKAGE_VERSION ""
| #define PACKAGE_STRING ""
| #define PACKAGE_BUGREPORT ""
| #define PACKAGE_URL ""
| #define STDC_HEADERS 1
| #define HAVE_SYS_TYPES_H 1
| #define HAVE_SYS_STAT_H 1
| #define HAVE_STDLIB_H 1
| #define HAVE_STRING_H 1
| #define HAVE_MEMORY_H 1
| #define HAVE_STRINGS_H 1
| #define HAVE_INTTYPES_H 1
| #define HAVE_STDINT_H 1
| #define HAVE_UNISTD_H 1
| #define __EXTENSIONS__ 1
| #define _ALL_SOURCE 1
| #define _GNU_SOURCE 1
| #define _POSIX_PTHREAD_SEMANTICS 1
| #define _TANDEM_SOURCE 1
| #define STDC_HEADERS 1
| #define HAVE_STRING_H 1
| #define HAVE_STL 1
| #define CPP_REQUIRES_NAMESPACE 1
| #define HAVE_TCL_H 1
| #define HAVE_TCLINT_H 1
| #define HAVE_LIBTCL8_5 1
| #define HAVE_TK_H 1
| #define HAVE_LIBTK8_5 1
| #define HAVE_OTCL_H 1
| #define HAVE_LIBOTCL1_14 1
| #define HAVE_TCLCL_H 1
| #define HAVE_LIBTCLCL 1
| #define STDC_HEADERS 1
| #define HAVE_ARPA_INET_H 1
| #define HAVE_FENV_H 1
| #define HAVE_NETINET_IN_H 1
| #define HAVE_STRING_H 1
| #define HAVE_STRINGS_H 1
| #define HAVE_TIME_H 1
| #define HAVE_UNISTD_H 1
| #define HAVE_NET_ETHERNET_H 1
| #define HAVE_LIBM 1
| #define HAVE_BCOPY 1
| #define HAVE_BZERO 1
| #define HAVE_FEENABLEEXCEPT 1
| #define HAVE_GETRUSAGE 1
| #define HAVE_SBRK 1
| #define HAVE_SNPRINTF 1
| #define RANDOM_RETURN_TYPE long
| /* end confdefs.h.  */
| #include <stdio.h>
| #ifdef HAVE_SYS_TYPES_H
| # include <sys/types.h>
| #endif
| #ifdef HAVE_SYS_STAT_H
| # include <sys/stat.h>
| #endif
| #ifdef STDC_HEADERS
| # include <stdlib.h>
| # include <stddef.h>
| #else
| # ifdef HAVE_STDLIB_H
| #  include <stdlib.h>
| # endif
| #endif
| #ifdef HAVE_STRING_H
| # if !defined STDC_HEADERS && defined HAVE_MEMORY_H
| #  include <memory.h>
| # endif
| # include <string.h>
| #endif
| #ifdef HAVE_STRINGS_H
| # include <strings.h>
| #endif
| #ifdef HAVE_INTTYPES_H
| # include <inttypes.h>
| #endif
| #ifdef HAVE_STDINT_H
| # include <stdint.h>
| #endif
| #ifdef HAVE_UNISTD_H
| # include <unistd.h>
| #endif
| int
| main ()
| {
| if (sizeof ((int16_t)))
| 	    return 0;
|   ;
|   return 0;
| }
configure:8020: result: yes
configure:8031: checking for int32_t
configure:8031: gcc -c -g -O2  conftest.c >&5
configure:8031: $? = 0
configure:8031: gcc -c -g -O2  conftest.c >&5
conftest.c: In function 'main':
conftest.c:90:22: error: expected expression before ')' token
configure:8031: $? = 1
configure: failed program was:
| /* confdefs.h */
| #define PACKAGE_NAME ""
| #define PACKAGE_TARNAME ""
| #define PACKAGE_VERSION ""
| #define PACKAGE_STRING ""
| #define PACKAGE_BUGREPORT ""
| #define PACKAGE_URL ""
| #define STDC_HEADERS 1
| #define HAVE_SYS_TYPES_H 1
| #define HAVE_SYS_STAT_H 1
| #define HAVE_STDLIB_H 1
| #define HAVE_STRING_H 1
| #define HAVE_MEMORY_H 1
| #define HAVE_STRINGS_H 1
| #define HAVE_INTTYPES_H 1
| #define HAVE_STDINT_H 1
| #define HAVE_UNISTD_H 1
| #define __EXTENSIONS__ 1
| #define _ALL_SOURCE 1
| #define _GNU_SOURCE 1
| #define _POSIX_PTHREAD_SEMANTICS 1
| #define _TANDEM_SOURCE 1
| #define STDC_HEADERS 1
| #define HAVE_STRING_H 1
| #define HAVE_STL 1
| #define CPP_REQUIRES_NAMESPACE 1
| #define HAVE_TCL_H 1
| #define HAVE_TCLINT_H 1
| #define HAVE_LIBTCL8_5 1
| #define HAVE_TK_H 1
| #define HAVE_LIBTK8_5 1
| #define HAVE_OTCL_H 1
| #define HAVE_LIBOTCL1_14 1
| #define HAVE_TCLCL_H 1
| #define HAVE_LIBTCLCL 1
| #define STDC_HEADERS 1
| #define HAVE_ARPA_INET_H 1
| #define HAVE_FENV_H 1
| #define HAVE_NETINET_IN_H 1
| #define HAVE_STRING_H 1
| #define HAVE_STRINGS_H 1
| #define HAVE_TIME_H 1
| #define HAVE_UNISTD_H 1
| #define HAVE_NET_ETHERNET_H 1
| #define HAVE_LIBM 1
| #define HAVE_BCOPY 1
| #define HAVE_BZERO 1
| #define HAVE_FEENABLEEXCEPT 1
| #define HAVE_GETRUSAGE 1
| #define HAVE_SBRK 1
| #define HAVE_SNPRINTF 1
| #define RANDOM_RETURN_TYPE long
| /* end confdefs.h.  */
| #include <stdio.h>
| #ifdef HAVE_SYS_TYPES_H
| # include <sys/types.h>
| #endif
| #ifdef HAVE_SYS_STAT_H
| # include <sys/stat.h>
| #endif
| #ifdef STDC_HEADERS
| # include <stdlib.h>
| # include <stddef.h>
| #else
| # ifdef HAVE_STDLIB_H
| #  include <stdlib.h>
| # endif
| #endif
| #ifdef HAVE_STRING_H
| # if !defined STDC_HEADERS && defined HAVE_MEMORY_H
| #  include <memory.h>
| # endif
| # include <string.h>
| #endif
| #ifdef HAVE_STRINGS_H
| # include <strings.h>
| #endif
| #ifdef HAVE_INTTYPES_H
| # include <inttypes.h>
| #endif
| #ifdef HAVE_STDINT_H
| # include <stdint.h>
| #endif
| #ifdef HAVE_UNISTD_H
| # include <unistd.h>
| #endif
| int
| main ()
| {
| if (sizeof ((int32_t)))
| 	    return 0;
|   ;
|   return 0;
| }
configure:8031: result: yes
configure:8042: checking for u_int8_t
configure:8042: gcc -c -g -O2  conftest.c >&5
configure:8042: $? = 0
configure:8042: gcc -c -g -O2  conftest.c >&5
conftest.c: In function 'main':
conftest.c:90:23: error: expected expression before ')' token
configure:8042: $? = 1
configure: failed program was:
| /* confdefs.h */
| #define PACKAGE_NAME ""
| #define PACKAGE_TARNAME ""
| #define PACKAGE_VERSION ""
| #define PACKAGE_STRING ""
| #define PACKAGE_BUGREPORT ""
| #define PACKAGE_URL ""
| #define STDC_HEADERS 1
| #define HAVE_SYS_TYPES_H 1
| #define HAVE_SYS_STAT_H 1
| #define HAVE_STDLIB_H 1
| #define HAVE_STRING_H 1
| #define HAVE_MEMORY_H 1
| #define HAVE_STRINGS_H 1
| #define HAVE_INTTYPES_H 1
| #define HAVE_STDINT_H 1
| #define HAVE_UNISTD_H 1
| #define __EXTENSIONS__ 1
| #define _ALL_SOURCE 1
| #define _GNU_SOURCE 1
| #define _POSIX_PTHREAD_SEMANTICS 1
| #define _TANDEM_SOURCE 1
| #define STDC_HEADERS 1
| #define HAVE_STRING_H 1
| #define HAVE_STL 1
| #define CPP_REQUIRES_NAMESPACE 1
| #define HAVE_TCL_H 1
| #define HAVE_TCLINT_H 1
| #define HAVE_LIBTCL8_5 1
| #define HAVE_TK_H 1
| #define HAVE_LIBTK8_5 1
| #define HAVE_OTCL_H 1
| #define HAVE_LIBOTCL1_14 1
| #define HAVE_TCLCL_H 1
| #define HAVE_LIBTCLCL 1
| #define STDC_HEADERS 1
| #define HAVE_ARPA_INET_H 1
| #define HAVE_FENV_H 1
| #define HAVE_NETINET_IN_H 1
| #define HAVE_STRING_H 1
| #define HAVE_STRINGS_H 1
| #define HAVE_TIME_H 1
| #define HAVE_UNISTD_H 1
| #define HAVE_NET_ETHERNET_H 1
| #define HAVE_LIBM 1
| #define HAVE_BCOPY 1
| #define HAVE_BZERO 1
| #define HAVE_FEENABLEEXCEPT 1
| #define HAVE_GETRUSAGE 1
| #define HAVE_SBRK 1
| #define HAVE_SNPRINTF 1
| #define RANDOM_RETURN_TYPE long
| /* end confdefs.h.  */
| #include <stdio.h>
| #ifdef HAVE_SYS_TYPES_H
| # include <sys/types.h>
| #endif
| #ifdef HAVE_SYS_STAT_H
| # include <sys/stat.h>
| #endif
| #ifdef STDC_HEADERS
| # include <stdlib.h>
| # include <stddef.h>
| #else
| # ifdef HAVE_STDLIB_H
| #  include <stdlib.h>
| # endif
| #endif
| #ifdef HAVE_STRING_H
| # if !defined STDC_HEADERS && defined HAVE_MEMORY_H
| #  include <memory.h>
| # endif
| # include <string.h>
| #endif
| #ifdef HAVE_STRINGS_H
| # include <strings.h>
| #endif
| #ifdef HAVE_INTTYPES_H
| # include <inttypes.h>
| #endif
| #ifdef HAVE_STDINT_H
| # include <stdint.h>
| #endif
| #ifdef HAVE_UNISTD_H
| # include <unistd.h>
| #endif
| int
| main ()
| {
| if (sizeof ((u_int8_t)))
| 	    return 0;
|   ;
|   return 0;
| }
configure:8042: result: yes
configure:8053: checking for u_int16_t
configure:8053: gcc -c -g -O2  conftest.c >&5
configure:8053: $? = 0
configure:8053: gcc -c -g -O2  conftest.c >&5
conftest.c: In function 'main':
conftest.c:90:24: error: expected expression before ')' token
configure:8053: $? = 1
configure: failed program was:
| /* confdefs.h */
| #define PACKAGE_NAME ""
| #define PACKAGE_TARNAME ""
| #define PACKAGE_VERSION ""
| #define PACKAGE_STRING ""
| #define PACKAGE_BUGREPORT ""
| #define PACKAGE_URL ""
| #define STDC_HEADERS 1
| #define HAVE_SYS_TYPES_H 1
| #define HAVE_SYS_STAT_H 1
| #define HAVE_STDLIB_H 1
| #define HAVE_STRING_H 1
| #define HAVE_MEMORY_H 1
| #define HAVE_STRINGS_H 1
| #define HAVE_INTTYPES_H 1
| #define HAVE_STDINT_H 1
| #define HAVE_UNISTD_H 1
| #define __EXTENSIONS__ 1
| #define _ALL_SOURCE 1
| #define _GNU_SOURCE 1
| #define _POSIX_PTHREAD_SEMANTICS 1
| #define _TANDEM_SOURCE 1
| #define STDC_HEADERS 1
| #define HAVE_STRING_H 1
| #define HAVE_STL 1
| #define CPP_REQUIRES_NAMESPACE 1
| #define HAVE_TCL_H 1
| #define HAVE_TCLINT_H 1
| #define HAVE_LIBTCL8_5 1
| #define HAVE_TK_H 1
| #define HAVE_LIBTK8_5 1
| #define HAVE_OTCL_H 1
| #define HAVE_LIBOTCL1_14 1
| #define HAVE_TCLCL_H 1
| #define HAVE_LIBTCLCL 1
| #define STDC_HEADERS 1
| #define HAVE_ARPA_INET_H 1
| #define HAVE_FENV_H 1
| #define HAVE_NETINET_IN_H 1
| #define HAVE_STRING_H 1
| #define HAVE_STRINGS_H 1
| #define HAVE_TIME_H 1
| #define HAVE_UNISTD_H 1
| #define HAVE_NET_ETHERNET_H 1
| #define HAVE_LIBM 1
| #define HAVE_BCOPY 1
| #define HAVE_BZERO 1
| #define HAVE_FEENABLEEXCEPT 1
| #define HAVE_GETRUSAGE 1
| #define HAVE_SBRK 1
| #define HAVE_SNPRINTF 1
| #define RANDOM_RETURN_TYPE long
| /* end confdefs.h.  */
| #include <stdio.h>
| #ifdef HAVE_SYS_TYPES_H
| # include <sys/types.h>
| #endif
| #ifdef HAVE_SYS_STAT_H
| # include <sys/stat.h>
| #endif
| #ifdef STDC_HEADERS
| # include <stdlib.h>
| # include <stddef.h>
| #else
| # ifdef HAVE_STDLIB_H
| #  include <stdlib.h>
| # endif
| #endif
| #ifdef HAVE_STRING_H
| # if !defined STDC_HEADERS && defined HAVE_MEMORY_H
| #  include <memory.h>
| # endif
| # include <string.h>
| #endif
| #ifdef HAVE_STRINGS_H
| # include <strings.h>
| #endif
| #ifdef HAVE_INTTYPES_H
| # include <inttypes.h>
| #endif
| #ifdef HAVE_STDINT_H
| # include <stdint.h>
| #endif
| #ifdef HAVE_UNISTD_H
| # include <unistd.h>
| #endif
| int
| main ()
| {
| if (sizeof ((u_int16_t)))
| 	    return 0;
|   ;
|   return 0;
| }
configure:8053: result: yes
configure:8064: checking for u_int32_t
configure:8064: gcc -c -g -O2  conftest.c >&5
configure:8064: $? = 0
configure:8064: gcc -c -g -O2  conftest.c >&5
conftest.c: In function 'main':
conftest.c:90:24: error: expected expression before ')' token
configure:8064: $? = 1
configure: failed program was:
| /* confdefs.h */
| #define PACKAGE_NAME ""
| #define PACKAGE_TARNAME ""
| #define PACKAGE_VERSION ""
| #define PACKAGE_STRING ""
| #define PACKAGE_BUGREPORT ""
| #define PACKAGE_URL ""
| #define STDC_HEADERS 1
| #define HAVE_SYS_TYPES_H 1
| #define HAVE_SYS_STAT_H 1
| #define HAVE_STDLIB_H 1
| #define HAVE_STRING_H 1
| #define HAVE_MEMORY_H 1
| #define HAVE_STRINGS_H 1
| #define HAVE_INTTYPES_H 1
| #define HAVE_STDINT_H 1
| #define HAVE_UNISTD_H 1
| #define __EXTENSIONS__ 1
| #define _ALL_SOURCE 1
| #define _GNU_SOURCE 1
| #define _POSIX_PTHREAD_SEMANTICS 1
| #define _TANDEM_SOURCE 1
| #define STDC_HEADERS 1
| #define HAVE_STRING_H 1
| #define HAVE_STL 1
| #define CPP_REQUIRES_NAMESPACE 1
| #define HAVE_TCL_H 1
| #define HAVE_TCLINT_H 1
| #define HAVE_LIBTCL8_5 1
| #define HAVE_TK_H 1
| #define HAVE_LIBTK8_5 1
| #define HAVE_OTCL_H 1
| #define HAVE_LIBOTCL1_14 1
| #define HAVE_TCLCL_H 1
| #define HAVE_LIBTCLCL 1
| #define STDC_HEADERS 1
| #define HAVE_ARPA_INET_H 1
| #define HAVE_FENV_H 1
| #define HAVE_NETINET_IN_H 1
| #define HAVE_STRING_H 1
| #define HAVE_STRINGS_H 1
| #define HAVE_TIME_H 1
| #define HAVE_UNISTD_H 1
| #define HAVE_NET_ETHERNET_H 1
| #define HAVE_LIBM 1
| #define HAVE_BCOPY 1
| #define HAVE_BZERO 1
| #define HAVE_FEENABLEEXCEPT 1
| #define HAVE_GETRUSAGE 1
| #define HAVE_SBRK 1
| #define HAVE_SNPRINTF 1
| #define RANDOM_RETURN_TYPE long
| /* end confdefs.h.  */
| #include <stdio.h>
| #ifdef HAVE_SYS_TYPES_H
| # include <sys/types.h>
| #endif
| #ifdef HAVE_SYS_STAT_H
| # include <sys/stat.h>
| #endif
| #ifdef STDC_HEADERS
| # include <stdlib.h>
| # include <stddef.h>
| #else
| # ifdef HAVE_STDLIB_H
| #  include <stdlib.h>
| # endif
| #endif
| #ifdef HAVE_STRING_H
| # if !defined STDC_HEADERS && defined HAVE_MEMORY_H
| #  include <memory.h>
| # endif
| # include <string.h>
| #endif
| #ifdef HAVE_STRINGS_H
| # include <strings.h>
| #endif
| #ifdef HAVE_INTTYPES_H
| # include <inttypes.h>
| #endif
| #ifdef HAVE_STDINT_H
| # include <stdint.h>
| #endif
| #ifdef HAVE_UNISTD_H
| # include <unistd.h>
| #endif
| int
| main ()
| {
| if (sizeof ((u_int32_t)))
| 	    return 0;
|   ;
|   return 0;
| }
configure:8064: result: yes
configure:8075: checking for u_char
configure:8075: gcc -c -g -O2  conftest.c >&5
configure:8075: $? = 0
configure:8075: gcc -c -g -O2  conftest.c >&5
conftest.c: In function 'main':
conftest.c:90:21: error: expected expression before ')' token
configure:8075: $? = 1
configure: failed program was:
| /* confdefs.h */
| #define PACKAGE_NAME ""
| #define PACKAGE_TARNAME ""
| #define PACKAGE_VERSION ""
| #define PACKAGE_STRING ""
| #define PACKAGE_BUGREPORT ""
| #define PACKAGE_URL ""
| #define STDC_HEADERS 1
| #define HAVE_SYS_TYPES_H 1
| #define HAVE_SYS_STAT_H 1
| #define HAVE_STDLIB_H 1
| #define HAVE_STRING_H 1
| #define HAVE_MEMORY_H 1
| #define HAVE_STRINGS_H 1
| #define HAVE_INTTYPES_H 1
| #define HAVE_STDINT_H 1
| #define HAVE_UNISTD_H 1
| #define __EXTENSIONS__ 1
| #define _ALL_SOURCE 1
| #define _GNU_SOURCE 1
| #define _POSIX_PTHREAD_SEMANTICS 1
| #define _TANDEM_SOURCE 1
| #define STDC_HEADERS 1
| #define HAVE_STRING_H 1
| #define HAVE_STL 1
| #define CPP_REQUIRES_NAMESPACE 1
| #define HAVE_TCL_H 1
| #define HAVE_TCLINT_H 1
| #define HAVE_LIBTCL8_5 1
| #define HAVE_TK_H 1
| #define HAVE_LIBTK8_5 1
| #define HAVE_OTCL_H 1
| #define HAVE_LIBOTCL1_14 1
| #define HAVE_TCLCL_H 1
| #define HAVE_LIBTCLCL 1
| #define STDC_HEADERS 1
| #define HAVE_ARPA_INET_H 1
| #define HAVE_FENV_H 1
| #define HAVE_NETINET_IN_H 1
| #define HAVE_STRING_H 1
| #define HAVE_STRINGS_H 1
| #define HAVE_TIME_H 1
| #define HAVE_UNISTD_H 1
| #define HAVE_NET_ETHERNET_H 1
| #define HAVE_LIBM 1
| #define HAVE_BCOPY 1
| #define HAVE_BZERO 1
| #define HAVE_FEENABLEEXCEPT 1
| #define HAVE_GETRUSAGE 1
| #define HAVE_SBRK 1
| #define HAVE_SNPRINTF 1
| #define RANDOM_RETURN_TYPE long
| /* end confdefs.h.  */
| #include <stdio.h>
| #ifdef HAVE_SYS_TYPES_H
| # include <sys/types.h>
| #endif
| #ifdef HAVE_SYS_STAT_H
| # include <sys/stat.h>
| #endif
| #ifdef STDC_HEADERS
| # include <stdlib.h>
| # include <stddef.h>
| #else
| # ifdef HAVE_STDLIB_H
| #  include <stdlib.h>
| # endif
| #endif
| #ifdef HAVE_STRING_H
| # if !defined STDC_HEADERS && defined HAVE_MEMORY_H
| #  include <memory.h>
| # endif
| # include <string.h>
| #endif
| #ifdef HAVE_STRINGS_H
| # include <strings.h>
| #endif
| #ifdef HAVE_INTTYPES_H
| # include <inttypes.h>
| #endif
| #ifdef HAVE_STDINT_H
| # include <stdint.h>
| #endif
| #ifdef HAVE_UNISTD_H
| # include <unistd.h>
| #endif
| int
| main ()
| {
| if (sizeof ((u_char)))
| 	    return 0;
|   ;
|   return 0;
| }
configure:8075: result: yes
configure:8086: checking for u_int
configure:8086: gcc -c -g -O2  conftest.c >&5
configure:8086: $? = 0
configure:8086: gcc -c -g -O2  conftest.c >&5
conftest.c: In function 'main':
conftest.c:90:20: error: expected expression before ')' token
configure:8086: $? = 1
configure: failed program was:
| /* confdefs.h */
| #define PACKAGE_NAME ""
| #define PACKAGE_TARNAME ""
| #define PACKAGE_VERSION ""
| #define PACKAGE_STRING ""
| #define PACKAGE_BUGREPORT ""
| #define PACKAGE_URL ""
| #define STDC_HEADERS 1
| #define HAVE_SYS_TYPES_H 1
| #define HAVE_SYS_STAT_H 1
| #define HAVE_STDLIB_H 1
| #define HAVE_STRING_H 1
| #define HAVE_MEMORY_H 1
| #define HAVE_STRINGS_H 1
| #define HAVE_INTTYPES_H 1
| #define HAVE_STDINT_H 1
| #define HAVE_UNISTD_H 1
| #define __EXTENSIONS__ 1
| #define _ALL_SOURCE 1
| #define _GNU_SOURCE 1
| #define _POSIX_PTHREAD_SEMANTICS 1
| #define _TANDEM_SOURCE 1
| #define STDC_HEADERS 1
| #define HAVE_STRING_H 1
| #define HAVE_STL 1
| #define CPP_REQUIRES_NAMESPACE 1
| #define HAVE_TCL_H 1
| #define HAVE_TCLINT_H 1
| #define HAVE_LIBTCL8_5 1
| #define HAVE_TK_H 1
| #define HAVE_LIBTK8_5 1
| #define HAVE_OTCL_H 1
| #define HAVE_LIBOTCL1_14 1
| #define HAVE_TCLCL_H 1
| #define HAVE_LIBTCLCL 1
| #define STDC_HEADERS 1
| #define HAVE_ARPA_INET_H 1
| #define HAVE_FENV_H 1
| #define HAVE_NETINET_IN_H 1
| #define HAVE_STRING_H 1
| #define HAVE_STRINGS_H 1
| #define HAVE_TIME_H 1
| #define HAVE_UNISTD_H 1
| #define HAVE_NET_ETHERNET_H 1
| #define HAVE_LIBM 1
| #define HAVE_BCOPY 1
| #define HAVE_BZERO 1
| #define HAVE_FEENABLEEXCEPT 1
| #define HAVE_GETRUSAGE 1
| #define HAVE_SBRK 1
| #define HAVE_SNPRINTF 1
| #define RANDOM_RETURN_TYPE long
| /* end confdefs.h.  */
| #include <stdio.h>
| #ifdef HAVE_SYS_TYPES_H
| # include <sys/types.h>
| #endif
| #ifdef HAVE_SYS_STAT_H
| # include <sys/stat.h>
| #endif
| #ifdef STDC_HEADERS
| # include <stdlib.h>
| # include <stddef.h>
| #else
| # ifdef HAVE_STDLIB_H
| #  include <stdlib.h>
| # endif
| #endif
| #ifdef HAVE_STRING_H
| # if !defined STDC_HEADERS && defined HAVE_MEMORY_H
| #  include <memory.h>
| # endif
| # include <string.h>
| #endif
| #ifdef HAVE_STRINGS_H
| # include <strings.h>
| #endif
| #ifdef HAVE_INTTYPES_H
| # include <inttypes.h>
| #endif
| #ifdef HAVE_STDINT_H
| # include <stdint.h>
| #endif
| #ifdef HAVE_UNISTD_H
| # include <unistd.h>
| #endif
| int
| main ()
| {
| if (sizeof ((u_int)))
| 	    return 0;
|   ;
|   return 0;
| }
configure:8086: result: yes
configure:8102: checking for strtoq
configure:8102: gcc -o conftest -g -O2   conftest.c -lm  >&5
configure:8102: $? = 0
configure:8102: result: yes
configure:8102: checking for strtoll
configure:8102: gcc -o conftest -g -O2   conftest.c -lm  >&5
configure:8102: $? = 0
configure:8102: result: yes
configure:8120: checking size of long
configure:8125: gcc -o conftest -g -O2   conftest.c -lm  >&5
configure:8125: $? = 0
configure:8125: ./conftest
configure:8125: $? = 0
configure:8139: result: 8
configure:8152: checking for strtol
configure:8152: gcc -o conftest -g -O2   conftest.c -lm  >&5
configure:8152: $? = 0
configure:8152: result: yes
configure:8159: checking for __int64_t
configure:8174: gcc -o conftest -g -O2   conftest.c -lm  >&5
conftest.c: In function 'main':
conftest.c:58:10: error: unknown type name '__int64_t'
conftest.c:58:23: warning: incompatible implicit declaration of built-in function 'exit' [enabled by default]
configure:8174: $? = 1
configure: program exited with status 1
configure: failed program was:
| /* confdefs.h */
| #define PACKAGE_NAME ""
| #define PACKAGE_TARNAME ""
| #define PACKAGE_VERSION ""
| #define PACKAGE_STRING ""
| #define PACKAGE_BUGREPORT ""
| #define PACKAGE_URL ""
| #define STDC_HEADERS 1
| #define HAVE_SYS_TYPES_H 1
| #define HAVE_SYS_STAT_H 1
| #define HAVE_STDLIB_H 1
| #define HAVE_STRING_H 1
| #define HAVE_MEMORY_H 1
| #define HAVE_STRINGS_H 1
| #define HAVE_INTTYPES_H 1
| #define HAVE_STDINT_H 1
| #define HAVE_UNISTD_H 1
| #define __EXTENSIONS__ 1
| #define _ALL_SOURCE 1
| #define _GNU_SOURCE 1
| #define _POSIX_PTHREAD_SEMANTICS 1
| #define _TANDEM_SOURCE 1
| #define STDC_HEADERS 1
| #define HAVE_STRING_H 1
| #define HAVE_STL 1
| #define CPP_REQUIRES_NAMESPACE 1
| #define HAVE_TCL_H 1
| #define HAVE_TCLINT_H 1
| #define HAVE_LIBTCL8_5 1
| #define HAVE_TK_H 1
| #define HAVE_LIBTK8_5 1
| #define HAVE_OTCL_H 1
| #define HAVE_LIBOTCL1_14 1
| #define HAVE_TCLCL_H 1
| #define HAVE_LIBTCLCL 1
| #define STDC_HEADERS 1
| #define HAVE_ARPA_INET_H 1
| #define HAVE_FENV_H 1
| #define HAVE_NETINET_IN_H 1
| #define HAVE_STRING_H 1
| #define HAVE_STRINGS_H 1
| #define HAVE_TIME_H 1
| #define HAVE_UNISTD_H 1
| #define HAVE_NET_ETHERNET_H 1
| #define HAVE_LIBM 1
| #define HAVE_BCOPY 1
| #define HAVE_BZERO 1
| #define HAVE_FEENABLEEXCEPT 1
| #define HAVE_GETRUSAGE 1
| #define HAVE_SBRK 1
| #define HAVE_SNPRINTF 1
| #define RANDOM_RETURN_TYPE long
| #define HAVE_STRTOQ 1
| #define HAVE_STRTOLL 1
| #define SIZEOF_LONG 8
| /* end confdefs.h.  */
| 
| main() { __int64_t x; exit (sizeof(x) >= 8 ? 0 : 1); }
| 
configure:8184: result: no
configure:8190: checking for long long
configure:8205: gcc -o conftest -g -O2   conftest.c -lm  >&5
conftest.c: In function 'main':
conftest.c:58:23: warning: incompatible implicit declaration of built-in function 'exit' [enabled by default]
configure:8205: $? = 0
configure:8205: ./conftest
configure:8205: $? = 0
configure:8215: result: yes
configure:8223: checking for int64_t
configure:8245: result: yes
configure:8256: checking which kind of 64-bit int to use
configure:8267: result: int64_t
configure:8340: checking system version (for dynamic loading)
configure:8360: result: Linux-3.8.13-gentoo
configure:8368: checking for dlopen in -ldl
configure:8393: gcc -o conftest -g -O2   conftest.c -ldl  -lm  >&5
configure:8393: $? = 0
configure:8402: result: yes
configure:8818: checking dlfcn.h usability
configure:8818: gcc -c -g -O2  conftest.c >&5
configure:8818: $? = 0
configure:8818: result: yes
configure:8818: checking dlfcn.h presence
configure:8818: gcc -E  conftest.c
configure:8818: $? = 0
configure:8818: result: yes
configure:8818: checking for dlfcn.h
configure:8818: result: yes
configure:8826: checking for ns library name
configure:8829: result: libns.so
configure:8839: checking for struct ether_header
configure:8862: gcc -c -g -O2  conftest.c >&5
configure:8862: $? = 0
configure:8866: result: found
configure:8878: checking for struct ether_addr
configure:8901: gcc -c -g -O2  conftest.c >&5
configure:8901: $? = 0
configure:8905: result: found
configure:8919: checking for addr2ascii
configure:8919: gcc -o conftest -g -O2   -Wl,-export-dynamic conftest.c -lm  >&5
/tmp/ccihpWGj.o: In function `main':
/home/pntruongan/workspace/ns2-custom-queue/conftest.c:94: undefined reference to `addr2ascii'
collect2: error: ld returned 1 exit status
configure:8919: $? = 1
configure: failed program was:
| /* confdefs.h */
| #define PACKAGE_NAME ""
| #define PACKAGE_TARNAME ""
| #define PACKAGE_VERSION ""
| #define PACKAGE_STRING ""
| #define PACKAGE_BUGREPORT ""
| #define PACKAGE_URL ""
| #define STDC_HEADERS 1
| #define HAVE_SYS_TYPES_H 1
| #define HAVE_SYS_STAT_H 1
| #define HAVE_STDLIB_H 1
| #define HAVE_STRING_H 1
| #define HAVE_MEMORY_H 1
| #define HAVE_STRINGS_H 1
| #define HAVE_INTTYPES_H 1
| #define HAVE_STDINT_H 1
| #define HAVE_UNISTD_H 1
| #define __EXTENSIONS__ 1
| #define _ALL_SOURCE 1
| #define _GNU_SOURCE 1
| #define _POSIX_PTHREAD_SEMANTICS 1
| #define _TANDEM_SOURCE 1
| #define STDC_HEADERS 1
| #define HAVE_STRING_H 1
| #define HAVE_STL 1
| #define CPP_REQUIRES_NAMESPACE 1
| #define HAVE_TCL_H 1
| #define HAVE_TCLINT_H 1
| #define HAVE_LIBTCL8_5 1
| #define HAVE_TK_H 1
| #define HAVE_LIBTK8_5 1
| #define HAVE_OTCL_H 1
| #define HAVE_LIBOTCL1_14 1
| #define HAVE_TCLCL_H 1
| #define HAVE_LIBTCLCL 1
| #define STDC_HEADERS 1
| #define HAVE_ARPA_INET_H 1
| #define HAVE_FENV_H 1
| #define HAVE_NETINET_IN_H 1
| #define HAVE_STRING_H 1
| #define HAVE_STRINGS_H 1
| #define HAVE_TIME_H 1
| #define HAVE_UNISTD_H 1
| #define HAVE_NET_ETHERNET_H 1
| #define HAVE_LIBM 1
| #define HAVE_BCOPY 1
| #define HAVE_BZERO 1
| #define HAVE_FEENABLEEXCEPT 1
| #define HAVE_GETRUSAGE 1
| #define HAVE_SBRK 1
| #define HAVE_SNPRINTF 1
| #define RANDOM_RETURN_TYPE long
| #define HAVE_STRTOQ 1
| #define HAVE_STRTOLL 1
| #define SIZEOF_LONG 8
| #define HAVE_INT64 1
| #define HAVE_ETHER_HEADER_STRUCT 1
| #define HAVE_ETHER_ADDRESS_STRUCT 1
| /* end confdefs.h.  */
| /* Define addr2ascii to an innocuous variant, in case <limits.h> declares addr2ascii.
|    For example, HP-UX 11i <limits.h> declares gettimeofday.  */
| #define addr2ascii innocuous_addr2ascii
| 
| /* System header to define __stub macros and hopefully few prototypes,
|     which can conflict with char addr2ascii (); below.
|     Prefer <limits.h> to <assert.h> if __STDC__ is defined, since
|     <limits.h> exists even on freestanding compilers.  */
| 
| #ifdef __STDC__
| # include <limits.h>
| #else
| # include <assert.h>
| #endif
| 
| #undef addr2ascii
| 
| /* Override any GCC internal prototype to avoid an error.
|    Use char because int might match the return type of a GCC
|    builtin and then its argument prototype would still apply.  */
| #ifdef __cplusplus
| extern "C"
| #endif
| char addr2ascii ();
| /* The GNU C library defines this for functions which it implements
|     to always fail with ENOSYS.  Some functions are actually named
|     something starting with __ and the normal name is an alias.  */
| #if defined __stub_addr2ascii || defined __stub___addr2ascii
| choke me
| #endif
| 
| int
| main ()
| {
| return addr2ascii ();
|   ;
|   return 0;
| }
configure:8919: result: no
configure:8944: gcc -o conftest -g -O2   -Wl,-export-dynamic conftest.c -lm  >&5
configure:8944: $? = 0
configure:8944: ./conftest
configure:8944: $? = 0
configure:8956: checking for Linux compliant tcphdr
configure:8980: gcc -c -g -O2  conftest.c >&5
configure:8980: $? = 0
configure:8983: result: found
configure:8995: checking for BSD compliant tcphdr
configure:9019: gcc -c -g -O2  conftest.c >&5
conftest.c: In function 'main':
conftest.c:72:5: error: 'struct tcphdr' has no member named 'th_sport'
configure:9019: $? = 1
configure: failed program was:
| /* confdefs.h */
| #define PACKAGE_NAME ""
| #define PACKAGE_TARNAME ""
| #define PACKAGE_VERSION ""
| #define PACKAGE_STRING ""
| #define PACKAGE_BUGREPORT ""
| #define PACKAGE_URL ""
| #define STDC_HEADERS 1
| #define HAVE_SYS_TYPES_H 1
| #define HAVE_SYS_STAT_H 1
| #define HAVE_STDLIB_H 1
| #define HAVE_STRING_H 1
| #define HAVE_MEMORY_H 1
| #define HAVE_STRINGS_H 1
| #define HAVE_INTTYPES_H 1
| #define HAVE_STDINT_H 1
| #define HAVE_UNISTD_H 1
| #define __EXTENSIONS__ 1
| #define _ALL_SOURCE 1
| #define _GNU_SOURCE 1
| #define _POSIX_PTHREAD_SEMANTICS 1
| #define _TANDEM_SOURCE 1
| #define STDC_HEADERS 1
| #define HAVE_STRING_H 1
| #define HAVE_STL 1
| #define CPP_REQUIRES_NAMESPACE 1
| #define HAVE_TCL_H 1
| #define HAVE_TCLINT_H 1
| #define HAVE_LIBTCL8_5 1
| #define HAVE_TK_H 1
| #define HAVE_LIBTK8_5 1
| #define HAVE_OTCL_H 1
| #define HAVE_LIBOTCL1_14 1
| #define HAVE_TCLCL_H 1
| #define HAVE_LIBTCLCL 1
| #define STDC_HEADERS 1
| #define HAVE_ARPA_INET_H 1
| #define HAVE_FENV_H 1
| #define HAVE_NETINET_IN_H 1
| #define HAVE_STRING_H 1
| #define HAVE_STRINGS_H 1
| #define HAVE_TIME_H 1
| #define HAVE_UNISTD_H 1
| #define HAVE_NET_ETHERNET_H 1
| #define HAVE_LIBM 1
| #define HAVE_BCOPY 1
| #define HAVE_BZERO 1
| #define HAVE_FEENABLEEXCEPT 1
| #define HAVE_GETRUSAGE 1
| #define HAVE_SBRK 1
| #define HAVE_SNPRINTF 1
| #define RANDOM_RETURN_TYPE long
| #define HAVE_STRTOQ 1
| #define HAVE_STRTOLL 1
| #define SIZEOF_LONG 8
| #define HAVE_INT64 1
| #define HAVE_ETHER_HEADER_STRUCT 1
| #define HAVE_ETHER_ADDRESS_STRUCT 1
| #define HAVE_SIOCGIFHWADDR 1
| /* end confdefs.h.  */
| 
| #include <stdio.h>
| #include <netinet/tcp.h>
| 
| int
| main ()
| {
| 
| int main()
| {
| 	struct tcphdr *tcp;
| 	tcp->th_sport= 1;
| 
| 	return 0;
| }
| 
|   ;
|   return 0;
| }
configure:9027: result: not found
configure:9033: checking for socklen_t
configure:9051: gcc -c -g -O2  conftest.c >&5
configure:9051: $? = 0
configure:9059: result: yes
configure:9070: checking for main in -lpcap
configure:9089: gcc -o conftest -g -O2   -Wl,-export-dynamic conftest.c -lpcap  -lm  >&5
configure:9089: $? = 0
configure:9098: result: yes
configure:9107: checking to make nse
configure:9111: result: yes
configure:9163: checking for dlopen in -ldl
configure:9197: result: yes
configure:9282: checking system version (for system-dependent libraries)
configure:9302: result: Linux-3.8.13-gentoo
configure:9401: checking for a BSD-compatible install
configure:9469: result: /usr/bin/install -c
configure:9598: creating ./config.status

## ---------------------- ##
## Running config.status. ##
## ---------------------- ##

This file was extended by config.status, which was
generated by GNU Autoconf 2.68.  Invocation command line was

  CONFIG_FILES    = 
  CONFIG_HEADERS  = 
  CONFIG_LINKS    = 
  CONFIG_COMMANDS = 
  $ ./config.status 

on localhost

config.status:924: creating Makefile
config.status:924: creating tcl/lib/ns-autoconf.tcl
config.status:924: creating indep-utils/webtrace-conv/ucb/Makefile
config.status:924: creating indep-utils/webtrace-conv/dec/Makefile
config.status:924: creating indep-utils/webtrace-conv/nlanr/Makefile
config.status:924: creating indep-utils/webtrace-conv/epa/Makefile
config.status:924: creating indep-utils/cmu-scen-gen/setdest/Makefile
config.status:924: creating autoconf.h
config.status:1099: autoconf.h is unchanged

## ---------------- ##
## Cache variables. ##
## ---------------- ##

ac_cv_build=x86_64-unknown-linux-gnu
ac_cv_c_compiler_gnu=yes
ac_cv_cxx_compiler_gnu=yes
ac_cv_env_CCC_set=
ac_cv_env_CCC_value=
ac_cv_env_CC_set=
ac_cv_env_CC_value=
ac_cv_env_CFLAGS_set=
ac_cv_env_CFLAGS_value=
ac_cv_env_CPPFLAGS_set=
ac_cv_env_CPPFLAGS_value=
ac_cv_env_CPP_set=
ac_cv_env_CPP_value=
ac_cv_env_CXXFLAGS_set=
ac_cv_env_CXXFLAGS_value=
ac_cv_env_CXX_set=
ac_cv_env_CXX_value=
ac_cv_env_LDFLAGS_set=
ac_cv_env_LDFLAGS_value=
ac_cv_env_LIBS_set=
ac_cv_env_LIBS_value=
ac_cv_env_build_alias_set=
ac_cv_env_build_alias_value=
ac_cv_env_host_alias_set=
ac_cv_env_host_alias_value=
ac_cv_env_target_alias_set=
ac_cv_env_target_alias_value=
ac_cv_func_addr2ascii=no
ac_cv_func_bcopy=yes
ac_cv_func_bzero=yes
ac_cv_func_feenableexcept=yes
ac_cv_func_fesetprecision=no
ac_cv_func_getrusage=yes
ac_cv_func_sbrk=yes
ac_cv_func_snprintf=yes
ac_cv_func_strtol=yes
ac_cv_func_strtoll=yes
ac_cv_func_strtoq=yes
ac_cv_header_arpa_inet_h=yes
ac_cv_header_dlfcn_h=yes
ac_cv_header_fenv_h=yes
ac_cv_header_inttypes_h=yes
ac_cv_header_memory_h=yes
ac_cv_header_minix_config_h=no
ac_cv_header_net_ethernet_h=yes
ac_cv_header_netinet_in_h=yes
ac_cv_header_stdc=yes
ac_cv_header_stdint_h=yes
ac_cv_header_stdlib_h=yes
ac_cv_header_string_h=yes
ac_cv_header_strings_h=yes
ac_cv_header_sys_stat_h=yes
ac_cv_header_sys_types_h=yes
ac_cv_header_time_h=yes
ac_cv_header_unistd_h=yes
ac_cv_host=x86_64-unknown-linux-gnu
ac_cv_lib_X11_XOpenDisplay=yes
ac_cv_lib_Xbsd_main=no
ac_cv_lib_Xext_XShmAttach=yes
ac_cv_lib_dl_dlopen=yes
ac_cv_lib_dnet_stub_getnodebyname=no
ac_cv_lib_intl_dcgettext=no
ac_cv_lib_m_main=yes
ac_cv_lib_nsl_gethostbyname=yes
ac_cv_lib_pcap_main=yes
ac_cv_lib_socket_socket=no
ac_cv_objext=o
ac_cv_path_EGREP='/bin/grep -E'
ac_cv_path_GREP=/bin/grep
ac_cv_path_V_TCLSH=/usr/bin/tclsh8.5
ac_cv_path_install='/usr/bin/install -c'
ac_cv_prog_CPP='gcc -E'
ac_cv_prog_ac_ct_CC=gcc
ac_cv_prog_ac_ct_CXX=g++
ac_cv_prog_cc_c89=
ac_cv_prog_cc_g=yes
ac_cv_prog_cxx_g=yes
ac_cv_safe_to_define___extensions__=yes
ac_cv_sizeof_long=8
ac_cv_target=x86_64-unknown-linux-gnu
ac_cv_type_int16_t=yes
ac_cv_type_int32_t=yes
ac_cv_type_int64_t=yes
ac_cv_type_int8_t=yes
ac_cv_type_socklen_t=yes
ac_cv_type_u_char=yes
ac_cv_type_u_int16_t=yes
ac_cv_type_u_int32_t=yes
ac_cv_type_u_int8_t=yes
ac_cv_type_u_int=yes
nsnam_cv_int64_t_HAVE_LONG_LONG=yes
nsnam_cv_int64_t_HAVE___INT64_T=no

## ----------------- ##
## Output variables. ##
## ----------------- ##

CC='gcc'
CFLAGS='-g -O2'
CPP='gcc -E'
CPPFLAGS=''
CPP_NAMESPACE='std'
CXX='g++'
CXXFLAGS='-g -O2'
DEFS='-DHAVE_CONFIG_H'
DL_LD_FLAGS='-rdynamic'
DL_LD_SEARCH_FLAGS=''
DL_LIBS='-ldl'
ECHO_C=''
ECHO_N='-n'
ECHO_T=''
EGREP='/bin/grep -E'
EXEEXT=''
GREP='/bin/grep'
INSTALL_DATA='${INSTALL} -m 644'
INSTALL_PROGRAM='${INSTALL}'
INSTALL_SCRIPT='${INSTALL}'
LDFLAGS=' -Wl,-export-dynamic'
LIBOBJS=''
LIBS='-lm '
LTLIBOBJS=''
NSLIB='libns.so'
OBJEXT='o'
PACKAGE_BUGREPORT=''
PACKAGE_NAME=''
PACKAGE_STRING=''
PACKAGE_TARNAME=''
PACKAGE_URL=''
PACKAGE_VERSION=''
PATH_SEPARATOR=':'
PERL='/usr/bin/perl'
PKG_SHLIB_CFLAGS=''
SHELL='/bin/sh'
SHLIB_CFLAGS='-fPIC'
SHLIB_LD='gcc -shared'
SHLIB_LD_LIBS=''
SHLIB_SUFFIX='.so'
V_ALL=''
V_AR='ar cr'
V_BROKEN_OBJ=''
V_CCOPT='-g -Wall -Wno-write-strings -Wno-parentheses'
V_DEFINE='-DTCLCL_CLASSINSTVAR  -fsigned-char -fno-inline -DLINUX_TCP_HEADER -DUSE_SHM'
V_DEFINES='-DHAVE_LIBTCLCL -DHAVE_TCLCL_H -DHAVE_LIBOTCL1_14 -DHAVE_OTCL_H -DHAVE_LIBTK8_5 -DHAVE_TK_H -DHAVE_LIBTCL8_5 -DHAVE_TCLINT_H -DHAVE_TCL_H '
V_IMPORT_LIBS=''
V_INCLUDE=''
V_INCLUDES='-I/usr/include -I/usr/include -I/usr/include -I/usr/include -I/usr/include -I/usr/include/pcap'
V_INCLUDE_X11=''
V_LIB=' -lnsl -lpcap -ldl'
V_LIBRARY_TCL='/usr/lib64/tcl8.5'
V_LIBRARY_TK='/usr/lib64/tk8.5'
V_LIBS='-L/usr/lib -ltclcl -L/usr/lib -lotcl -L/usr/lib64 -ltk8.5 -L/usr/lib64 -ltcl8.5'
V_LIB_OTCL='-L/usr/lib -lotcl'
V_LIB_TCL='-L/usr/lib64 -ltcl8.5'
V_LIB_TCLCL='-L/usr/lib -ltclcl'
V_LIB_TK='-L/usr/lib64 -ltk8.5'
V_LIB_X11='-lXext -lX11'
V_LSSCRIPT=''
V_NS_TCL_LIB_STL='$(NS_TCL_LIB_STL)'
V_OBJ=''
V_OBJ_CRYPT=''
V_RANLIB='ranlib'
V_SHELL=''
V_SIGRET='void'
V_STATIC=''
V_STLOBJ='$(OBJ_STL)'
V_TARCMD='tar cfh'
V_TAR_EXTRA=''
V_TAR_TARGET='linux-gnu'
V_TCL2CPP='/usr/bin/tcl2c++'
V_TCLSH='/usr/bin/tclsh8.5'
V_TCL_LIBRARY_FILES='$(TCL_BASE_LIBRARY_FILES) /usr/lib64/tcl8.5/http1.0/http.tcl'
V_TKDOSNAMES='$(LIBRARY_TK)/optMenu.tcl $(LIBRARY_TK)/scrlbar.tcl'
ac_ct_CC='gcc'
ac_ct_CXX='g++'
bindir='${exec_prefix}/bin'
build='x86_64-unknown-linux-gnu'
build_alias=''
build_cpu='x86_64'
build_nse='nse'
build_os='linux-gnu'
build_vendor='unknown'
datadir='${datarootdir}'
datarootdir='${prefix}/share'
docdir='${datarootdir}/doc/${PACKAGE}'
dvidir='${docdir}'
exec_prefix='${prefix}'
host='x86_64-unknown-linux-gnu'
host_alias=''
host_cpu='x86_64'
host_os='linux-gnu'
host_vendor='unknown'
htmldir='${docdir}'
includedir='${prefix}/include'
infodir='${datarootdir}/info'
libdir='${exec_prefix}/lib'
libexecdir='${exec_prefix}/libexec'
localedir='${datarootdir}/locale'
localstatedir='${prefix}/var'
mandir='${datarootdir}/man'
oldincludedir='/usr/include'
pdfdir='${docdir}'
prefix='/usr/local'
program_transform_name='s,x,x,'
psdir='${docdir}'
sbindir='${exec_prefix}/sbin'
sharedstatedir='${prefix}/com'
sysconfdir='${prefix}/etc'
target='x86_64-unknown-linux-gnu'
target_alias=''
target_cpu='x86_64'
target_os='linux-gnu'
target_vendor='unknown'

## ----------- ##
## confdefs.h. ##
## ----------- ##

/* confdefs.h */
#define PACKAGE_NAME ""
#define PACKAGE_TARNAME ""
#define PACKAGE_VERSION ""
#define PACKAGE_STRING ""
#define PACKAGE_BUGREPORT ""
#define PACKAGE_URL ""
#define STDC_HEADERS 1
#define HAVE_SYS_TYPES_H 1
#define HAVE_SYS_STAT_H 1
#define HAVE_STDLIB_H 1
#define HAVE_STRING_H 1
#define HAVE_MEMORY_H 1
#define HAVE_STRINGS_H 1
#define HAVE_INTTYPES_H 1
#define HAVE_STDINT_H 1
#define HAVE_UNISTD_H 1
#define __EXTENSIONS__ 1
#define _ALL_SOURCE 1
#define _GNU_SOURCE 1
#define _POSIX_PTHREAD_SEMANTICS 1
#define _TANDEM_SOURCE 1
#define STDC_HEADERS 1
#define HAVE_STRING_H 1
#define HAVE_STL 1
#define CPP_REQUIRES_NAMESPACE 1
#define HAVE_TCL_H 1
#define HAVE_TCLINT_H 1
#define HAVE_LIBTCL8_5 1
#define HAVE_TK_H 1
#define HAVE_LIBTK8_5 1
#define HAVE_OTCL_H 1
#define HAVE_LIBOTCL1_14 1
#define HAVE_TCLCL_H 1
#define HAVE_LIBTCLCL 1
#define STDC_HEADERS 1
#define HAVE_ARPA_INET_H 1
#define HAVE_FENV_H 1
#define HAVE_NETINET_IN_H 1
#define HAVE_STRING_H 1
#define HAVE_STRINGS_H 1
#define HAVE_TIME_H 1
#define HAVE_UNISTD_H 1
#define HAVE_NET_ETHERNET_H 1
#define HAVE_LIBM 1
#define HAVE_BCOPY 1
#define HAVE_BZERO 1
#define HAVE_FEENABLEEXCEPT 1
#define HAVE_GETRUSAGE 1
#define HAVE_SBRK 1
#define HAVE_SNPRINTF 1
#define RANDOM_RETURN_TYPE long
#define HAVE_STRTOQ 1
#define HAVE_STRTOLL 1
#define SIZEOF_LONG 8
#define HAVE_INT64 1
#define HAVE_ETHER_HEADER_STRUCT 1
#define HAVE_ETHER_ADDRESS_STRUCT 1
#define HAVE_SIOCGIFHWADDR 1
#define HAVE_SOCKLEN_T 1

configure: exit 0
